<?xml version="1.0" encoding="UTF-8" ?>
<testsuites name="vitest tests" tests="12" failures="12" errors="0" time="0">
    <testsuite name="server/utils/__tests__/invitation-tokens.test.ts" timestamp="2025-09-23T22:13:42.732Z" hostname="Bryans-MacBook-Air-2.local" tests="1" failures="1" errors="0" skipped="0" time="0">
        <testcase classname="server/utils/__tests__/invitation-tokens.test.ts" name="server/utils/__tests__/invitation-tokens.test.ts" time="0">
            <failure message="Cannot find module &apos;/Users/bryan/develop/projects/kgay-travel-guides/tests/utils/test-setup.ts&apos;" type="Error">
Error: Cannot find module &apos;/Users/bryan/develop/projects/kgay-travel-guides/tests/utils/test-setup.ts&apos;
⎯⎯⎯⎯⎯⎯⎯⎯⎯⎯⎯⎯⎯⎯⎯⎯⎯⎯⎯⎯⎯⎯⎯⎯⎯⎯⎯⎯⎯⎯
Serialized Error: { code: &apos;ERR_MODULE_NOT_FOUND&apos; }
Caused by: Caused by: Error: Failed to load url /Users/bryan/develop/projects/kgay-travel-guides/tests/utils/test-setup.ts (resolved id: /Users/bryan/develop/projects/kgay-travel-guides/tests/utils/test-setup.ts). Does the file exist?
 ❯ loadAndTransform node_modules/vite/dist/node/chunks/dep-C6uTJdX2.js:51968:17
            </failure>
        </testcase>
    </testsuite>
    <testsuite name="client/src/components/__tests__/LocationManagement.test.tsx" timestamp="2025-09-23T22:13:42.733Z" hostname="Bryans-MacBook-Air-2.local" tests="1" failures="1" errors="0" skipped="0" time="0">
        <testcase classname="client/src/components/__tests__/LocationManagement.test.tsx" name="client/src/components/__tests__/LocationManagement.test.tsx" time="0">
            <failure message="Cannot find module &apos;/Users/bryan/develop/projects/kgay-travel-guides/tests/utils/test-setup.ts&apos;" type="Error">
Error: Cannot find module &apos;/Users/bryan/develop/projects/kgay-travel-guides/tests/utils/test-setup.ts&apos;
⎯⎯⎯⎯⎯⎯⎯⎯⎯⎯⎯⎯⎯⎯⎯⎯⎯⎯⎯⎯⎯⎯⎯⎯⎯⎯⎯⎯⎯⎯
Serialized Error: { code: &apos;ERR_MODULE_NOT_FOUND&apos; }
Caused by: Error: Failed to load url /Users/bryan/develop/projects/kgay-travel-guides/tests/utils/test-setup.ts (resolved id: /Users/bryan/develop/projects/kgay-travel-guides/tests/utils/test-setup.ts). Does the file exist?
 ❯ loadAndTransform node_modules/vite/dist/node/chunks/dep-C6uTJdX2.js:51968:17
            </failure>
        </testcase>
    </testsuite>
    <testsuite name="client/src/components/__tests__/OptimizedImage.test.tsx" timestamp="2025-09-23T22:13:42.734Z" hostname="Bryans-MacBook-Air-2.local" tests="1" failures="1" errors="0" skipped="0" time="0">
        <testcase classname="client/src/components/__tests__/OptimizedImage.test.tsx" name="client/src/components/__tests__/OptimizedImage.test.tsx" time="0">
            <failure message="Cannot find module &apos;/Users/bryan/develop/projects/kgay-travel-guides/tests/utils/test-setup.ts&apos;" type="Error">
Error: Cannot find module &apos;/Users/bryan/develop/projects/kgay-travel-guides/tests/utils/test-setup.ts&apos;
⎯⎯⎯⎯⎯⎯⎯⎯⎯⎯⎯⎯⎯⎯⎯⎯⎯⎯⎯⎯⎯⎯⎯⎯⎯⎯⎯⎯⎯⎯
Serialized Error: { code: &apos;ERR_MODULE_NOT_FOUND&apos; }
Caused by: Error: Failed to load url /Users/bryan/develop/projects/kgay-travel-guides/tests/utils/test-setup.ts (resolved id: /Users/bryan/develop/projects/kgay-travel-guides/tests/utils/test-setup.ts). Does the file exist?
 ❯ loadAndTransform node_modules/vite/dist/node/chunks/dep-C6uTJdX2.js:51968:17
            </failure>
        </testcase>
    </testsuite>
    <testsuite name="client/src/components/__tests__/TimeFormatToggle.test.tsx" timestamp="2025-09-23T22:13:42.734Z" hostname="Bryans-MacBook-Air-2.local" tests="1" failures="1" errors="0" skipped="0" time="0">
        <testcase classname="client/src/components/__tests__/TimeFormatToggle.test.tsx" name="client/src/components/__tests__/TimeFormatToggle.test.tsx" time="0">
            <failure message="Cannot find module &apos;/Users/bryan/develop/projects/kgay-travel-guides/tests/utils/test-setup.ts&apos;" type="Error">
Error: Cannot find module &apos;/Users/bryan/develop/projects/kgay-travel-guides/tests/utils/test-setup.ts&apos;
⎯⎯⎯⎯⎯⎯⎯⎯⎯⎯⎯⎯⎯⎯⎯⎯⎯⎯⎯⎯⎯⎯⎯⎯⎯⎯⎯⎯⎯⎯
Serialized Error: { code: &apos;ERR_MODULE_NOT_FOUND&apos; }
Caused by: Error: Failed to load url /Users/bryan/develop/projects/kgay-travel-guides/tests/utils/test-setup.ts (resolved id: /Users/bryan/develop/projects/kgay-travel-guides/tests/utils/test-setup.ts). Does the file exist?
 ❯ loadAndTransform node_modules/vite/dist/node/chunks/dep-C6uTJdX2.js:51968:17
            </failure>
        </testcase>
    </testsuite>
    <testsuite name="client/src/components/__tests__/trip-guide.test.tsx" timestamp="2025-09-23T22:13:42.735Z" hostname="Bryans-MacBook-Air-2.local" tests="1" failures="1" errors="0" skipped="0" time="0">
        <testcase classname="client/src/components/__tests__/trip-guide.test.tsx" name="client/src/components/__tests__/trip-guide.test.tsx" time="0">
            <failure message="Cannot find module &apos;/Users/bryan/develop/projects/kgay-travel-guides/tests/utils/test-setup.ts&apos;" type="Error">
Error: Cannot find module &apos;/Users/bryan/develop/projects/kgay-travel-guides/tests/utils/test-setup.ts&apos;
⎯⎯⎯⎯⎯⎯⎯⎯⎯⎯⎯⎯⎯⎯⎯⎯⎯⎯⎯⎯⎯⎯⎯⎯⎯⎯⎯⎯⎯⎯
Serialized Error: { code: &apos;ERR_MODULE_NOT_FOUND&apos; }
Caused by: Error: Failed to load url /Users/bryan/develop/projects/kgay-travel-guides/tests/utils/test-setup.ts (resolved id: /Users/bryan/develop/projects/kgay-travel-guides/tests/utils/test-setup.ts). Does the file exist?
 ❯ loadAndTransform node_modules/vite/dist/node/chunks/dep-C6uTJdX2.js:51968:17
            </failure>
        </testcase>
    </testsuite>
    <testsuite name="client/src/hooks/__tests__/usePersistentSidebar.test.ts" timestamp="2025-09-23T22:13:42.735Z" hostname="Bryans-MacBook-Air-2.local" tests="1" failures="1" errors="0" skipped="0" time="0">
        <testcase classname="client/src/hooks/__tests__/usePersistentSidebar.test.ts" name="client/src/hooks/__tests__/usePersistentSidebar.test.ts" time="0">
            <failure message="Cannot find module &apos;/Users/bryan/develop/projects/kgay-travel-guides/tests/utils/test-setup.ts&apos;" type="Error">
Error: Cannot find module &apos;/Users/bryan/develop/projects/kgay-travel-guides/tests/utils/test-setup.ts&apos;
⎯⎯⎯⎯⎯⎯⎯⎯⎯⎯⎯⎯⎯⎯⎯⎯⎯⎯⎯⎯⎯⎯⎯⎯⎯⎯⎯⎯⎯⎯
Serialized Error: { code: &apos;ERR_MODULE_NOT_FOUND&apos; }
Caused by: Error: Failed to load url /Users/bryan/develop/projects/kgay-travel-guides/tests/utils/test-setup.ts (resolved id: /Users/bryan/develop/projects/kgay-travel-guides/tests/utils/test-setup.ts). Does the file exist?
 ❯ loadAndTransform node_modules/vite/dist/node/chunks/dep-C6uTJdX2.js:51968:17
            </failure>
        </testcase>
    </testsuite>
    <testsuite name="client/src/hooks/__tests__/useSupabaseAuth.test.ts" timestamp="2025-09-23T22:13:42.736Z" hostname="Bryans-MacBook-Air-2.local" tests="1" failures="1" errors="0" skipped="0" time="0">
        <testcase classname="client/src/hooks/__tests__/useSupabaseAuth.test.ts" name="client/src/hooks/__tests__/useSupabaseAuth.test.ts" time="0">
            <failure message="Cannot find module &apos;/Users/bryan/develop/projects/kgay-travel-guides/tests/utils/test-setup.ts&apos;" type="Error">
Error: Cannot find module &apos;/Users/bryan/develop/projects/kgay-travel-guides/tests/utils/test-setup.ts&apos;
⎯⎯⎯⎯⎯⎯⎯⎯⎯⎯⎯⎯⎯⎯⎯⎯⎯⎯⎯⎯⎯⎯⎯⎯⎯⎯⎯⎯⎯⎯
Serialized Error: { code: &apos;ERR_MODULE_NOT_FOUND&apos; }
Caused by: Error: Failed to load url /Users/bryan/develop/projects/kgay-travel-guides/tests/utils/test-setup.ts (resolved id: /Users/bryan/develop/projects/kgay-travel-guides/tests/utils/test-setup.ts). Does the file exist?
 ❯ loadAndTransform node_modules/vite/dist/node/chunks/dep-C6uTJdX2.js:51968:17
            </failure>
        </testcase>
    </testsuite>
    <testsuite name="client/src/components/admin/__tests__/AdminLayout.test.tsx" timestamp="2025-09-23T22:13:42.736Z" hostname="Bryans-MacBook-Air-2.local" tests="1" failures="1" errors="0" skipped="0" time="0">
        <testcase classname="client/src/components/admin/__tests__/AdminLayout.test.tsx" name="client/src/components/admin/__tests__/AdminLayout.test.tsx" time="0">
            <failure message="Cannot find module &apos;/Users/bryan/develop/projects/kgay-travel-guides/tests/utils/test-setup.ts&apos;" type="Error">
Error: Cannot find module &apos;/Users/bryan/develop/projects/kgay-travel-guides/tests/utils/test-setup.ts&apos;
⎯⎯⎯⎯⎯⎯⎯⎯⎯⎯⎯⎯⎯⎯⎯⎯⎯⎯⎯⎯⎯⎯⎯⎯⎯⎯⎯⎯⎯⎯
Serialized Error: { code: &apos;ERR_MODULE_NOT_FOUND&apos; }
Caused by: Error: Failed to load url /Users/bryan/develop/projects/kgay-travel-guides/tests/utils/test-setup.ts (resolved id: /Users/bryan/develop/projects/kgay-travel-guides/tests/utils/test-setup.ts). Does the file exist?
 ❯ loadAndTransform node_modules/vite/dist/node/chunks/dep-C6uTJdX2.js:51968:17
            </failure>
        </testcase>
    </testsuite>
    <testsuite name="client/src/lib/__tests__/authUtils.test.ts" timestamp="2025-09-23T22:13:42.736Z" hostname="Bryans-MacBook-Air-2.local" tests="1" failures="1" errors="0" skipped="0" time="0">
        <testcase classname="client/src/lib/__tests__/authUtils.test.ts" name="client/src/lib/__tests__/authUtils.test.ts" time="0">
            <failure message="Cannot find module &apos;/Users/bryan/develop/projects/kgay-travel-guides/tests/utils/test-setup.ts&apos;" type="Error">
Error: Cannot find module &apos;/Users/bryan/develop/projects/kgay-travel-guides/tests/utils/test-setup.ts&apos;
⎯⎯⎯⎯⎯⎯⎯⎯⎯⎯⎯⎯⎯⎯⎯⎯⎯⎯⎯⎯⎯⎯⎯⎯⎯⎯⎯⎯⎯⎯
Serialized Error: { code: &apos;ERR_MODULE_NOT_FOUND&apos; }
Caused by: Error: Failed to load url /Users/bryan/develop/projects/kgay-travel-guides/tests/utils/test-setup.ts (resolved id: /Users/bryan/develop/projects/kgay-travel-guides/tests/utils/test-setup.ts). Does the file exist?
 ❯ loadAndTransform node_modules/vite/dist/node/chunks/dep-C6uTJdX2.js:51968:17
            </failure>
        </testcase>
    </testsuite>
    <testsuite name="client/src/lib/__tests__/utils.test.ts" timestamp="2025-09-23T22:13:42.737Z" hostname="Bryans-MacBook-Air-2.local" tests="1" failures="1" errors="0" skipped="0" time="0">
        <testcase classname="client/src/lib/__tests__/utils.test.ts" name="client/src/lib/__tests__/utils.test.ts" time="0">
            <failure message="Cannot find module &apos;/Users/bryan/develop/projects/kgay-travel-guides/tests/utils/test-setup.ts&apos;" type="Error">
Error: Cannot find module &apos;/Users/bryan/develop/projects/kgay-travel-guides/tests/utils/test-setup.ts&apos;
⎯⎯⎯⎯⎯⎯⎯⎯⎯⎯⎯⎯⎯⎯⎯⎯⎯⎯⎯⎯⎯⎯⎯⎯⎯⎯⎯⎯⎯⎯
Serialized Error: { code: &apos;ERR_MODULE_NOT_FOUND&apos; }
Caused by: Error: Failed to load url /Users/bryan/develop/projects/kgay-travel-guides/tests/utils/test-setup.ts (resolved id: /Users/bryan/develop/projects/kgay-travel-guides/tests/utils/test-setup.ts). Does the file exist?
 ❯ loadAndTransform node_modules/vite/dist/node/chunks/dep-C6uTJdX2.js:51968:17
            </failure>
        </testcase>
    </testsuite>
    <testsuite name="client/src/pages/auth/__tests__/AccountSetup.test.tsx" timestamp="2025-09-23T22:13:42.737Z" hostname="Bryans-MacBook-Air-2.local" tests="1" failures="1" errors="0" skipped="0" time="0">
        <testcase classname="client/src/pages/auth/__tests__/AccountSetup.test.tsx" name="client/src/pages/auth/__tests__/AccountSetup.test.tsx" time="0">
            <failure message="Cannot find module &apos;/Users/bryan/develop/projects/kgay-travel-guides/tests/utils/test-setup.ts&apos;" type="Error">
Error: Cannot find module &apos;/Users/bryan/develop/projects/kgay-travel-guides/tests/utils/test-setup.ts&apos;
⎯⎯⎯⎯⎯⎯⎯⎯⎯⎯⎯⎯⎯⎯⎯⎯⎯⎯⎯⎯⎯⎯⎯⎯⎯⎯⎯⎯⎯⎯
Serialized Error: { code: &apos;ERR_MODULE_NOT_FOUND&apos; }
Caused by: Error: Failed to load url /Users/bryan/develop/projects/kgay-travel-guides/tests/utils/test-setup.ts (resolved id: /Users/bryan/develop/projects/kgay-travel-guides/tests/utils/test-setup.ts). Does the file exist?
 ❯ loadAndTransform node_modules/vite/dist/node/chunks/dep-C6uTJdX2.js:51968:17
            </failure>
        </testcase>
    </testsuite>
    <testsuite name="client/src/pages/admin/__tests__/ships-table.test.tsx" timestamp="2025-09-23T22:13:42.737Z" hostname="Bryans-MacBook-Air-2.local" tests="1" failures="1" errors="0" skipped="0" time="0">
        <testcase classname="client/src/pages/admin/__tests__/ships-table.test.tsx" name="client/src/pages/admin/__tests__/ships-table.test.tsx" time="0">
            <failure message="Cannot find module &apos;/Users/bryan/develop/projects/kgay-travel-guides/tests/utils/test-setup.ts&apos;" type="Error">
Error: Cannot find module &apos;/Users/bryan/develop/projects/kgay-travel-guides/tests/utils/test-setup.ts&apos;
⎯⎯⎯⎯⎯⎯⎯⎯⎯⎯⎯⎯⎯⎯⎯⎯⎯⎯⎯⎯⎯⎯⎯⎯⎯⎯⎯⎯⎯⎯
Serialized Error: { code: &apos;ERR_MODULE_NOT_FOUND&apos; }
Caused by: Error: Failed to load url /Users/bryan/develop/projects/kgay-travel-guides/tests/utils/test-setup.ts (resolved id: /Users/bryan/develop/projects/kgay-travel-guides/tests/utils/test-setup.ts). Does the file exist?
 ❯ loadAndTransform node_modules/vite/dist/node/chunks/dep-C6uTJdX2.js:51968:17
            </failure>
        </testcase>
    </testsuite>
</testsuites>
